1734094834.528120 client started (13289): version 3.5a, socket /private/tmp/tmux-501/default, protocol 8
1734094834.528170 on Darwin 24.1.0 Darwin Kernel Version 24.1.0: Thu Oct 10 21:02:27 PDT 2024; root:xnu-11215.41.3~2/RELEASE_X86_64
1734094834.528184 using libevent 2.1.12-stable select
1734094834.528194 using utf8proc 2.9.0
1734094834.528200 using ncurses 6.5 20240427
1734094834.528221 flags are 0x18010000
1734094834.528227 socket is /private/tmp/tmux-501/default
1734094834.528237 trying connect
1734094834.528251 connect failed: No such file or directory
1734094834.528265 lock file is /private/tmp/tmux-501/default.lock
1734094834.528349 flock succeeded
1734094834.528358 got lock (6)
1734094834.528366 trying connect
1734094834.528414 connect failed: No such file or directory
1734094834.528766 add peer 0x7fb420048000: 7 (0x0)
1734094834.531999 sending message 111 to peer 0x7fb420048000 (8 bytes)
1734094834.532019 sending message 111 to peer 0x7fb420048000 (8 bytes)
1734094834.532027 sending message 101 to peer 0x7fb420048000 (15 bytes)
1734094834.532035 sending message 109 to peer 0x7fb420048000 (4 bytes)
1734094834.532042 sending message 102 to peer 0x7fb420048000 (13 bytes)
1734094834.532049 sending message 108 to peer 0x7fb420048000 (27 bytes)
1734094834.532056 sending message 112 to peer 0x7fb420048000 (58 bytes)
1734094834.532062 sending message 112 to peer 0x7fb420048000 (5 bytes)
1734094834.532069 sending message 112 to peer 0x7fb420048000 (5 bytes)
1734094834.532076 sending message 112 to peer 0x7fb420048000 (6 bytes)
1734094834.532083 sending message 112 to peer 0x7fb420048000 (6 bytes)
1734094834.532090 sending message 112 to peer 0x7fb420048000 (11 bytes)
1734094834.532097 sending message 112 to peer 0x7fb420048000 (10 bytes)
1734094834.532104 sending message 112 to peer 0x7fb420048000 (13 bytes)
1734094834.532111 sending message 112 to peer 0x7fb420048000 (14 bytes)
1734094834.532117 sending message 112 to peer 0x7fb420048000 (19 bytes)
1734094834.532123 sending message 112 to peer 0x7fb420048000 (11 bytes)
1734094834.532130 sending message 112 to peer 0x7fb420048000 (10 bytes)
1734094834.532136 sending message 112 to peer 0x7fb420048000 (15 bytes)
1734094834.532143 sending message 112 to peer 0x7fb420048000 (21 bytes)
1734094834.532150 sending message 112 to peer 0x7fb420048000 (13 bytes)
1734094834.532157 sending message 112 to peer 0x7fb420048000 (7 bytes)
1734094834.532164 sending message 112 to peer 0x7fb420048000 (13 bytes)
1734094834.532171 sending message 112 to peer 0x7fb420048000 (7 bytes)
1734094834.532178 sending message 112 to peer 0x7fb420048000 (13 bytes)
1734094834.532185 sending message 112 to peer 0x7fb420048000 (9 bytes)
1734094834.532192 sending message 112 to peer 0x7fb420048000 (21 bytes)
1734094834.532198 sending message 112 to peer 0x7fb420048000 (13 bytes)
1734094834.532205 sending message 112 to peer 0x7fb420048000 (9 bytes)
1734094834.532212 sending message 112 to peer 0x7fb420048000 (16 bytes)
1734094834.532219 sending message 112 to peer 0x7fb420048000 (13 bytes)
1734094834.532226 sending message 112 to peer 0x7fb420048000 (9 bytes)
1734094834.532233 sending message 112 to peer 0x7fb420048000 (9 bytes)
1734094834.532239 sending message 112 to peer 0x7fb420048000 (12 bytes)
1734094834.532246 sending message 112 to peer 0x7fb420048000 (8 bytes)
1734094834.532253 sending message 112 to peer 0x7fb420048000 (8 bytes)
1734094834.532260 sending message 112 to peer 0x7fb420048000 (13 bytes)
1734094834.532267 sending message 112 to peer 0x7fb420048000 (7 bytes)
1734094834.532274 sending message 112 to peer 0x7fb420048000 (7 bytes)
1734094834.532280 sending message 112 to peer 0x7fb420048000 (9 bytes)
1734094834.532287 sending message 112 to peer 0x7fb420048000 (9 bytes)
1734094834.532294 sending message 112 to peer 0x7fb420048000 (15 bytes)
1734094834.532301 sending message 112 to peer 0x7fb420048000 (13 bytes)
1734094834.532308 sending message 112 to peer 0x7fb420048000 (12 bytes)
1734094834.532314 sending message 112 to peer 0x7fb420048000 (8 bytes)
1734094834.532322 sending message 112 to peer 0x7fb420048000 (14 bytes)
1734094834.532348 sending message 112 to peer 0x7fb420048000 (11 bytes)
1734094834.532354 sending message 112 to peer 0x7fb420048000 (9 bytes)
1734094834.532358 sending message 112 to peer 0x7fb420048000 (10 bytes)
1734094834.532363 sending message 112 to peer 0x7fb420048000 (10 bytes)
1734094834.532368 sending message 112 to peer 0x7fb420048000 (10 bytes)
1734094834.532373 sending message 112 to peer 0x7fb420048000 (10 bytes)
1734094834.532378 sending message 112 to peer 0x7fb420048000 (11 bytes)
1734094834.532383 sending message 112 to peer 0x7fb420048000 (12 bytes)
1734094834.532387 sending message 112 to peer 0x7fb420048000 (12 bytes)
1734094834.532391 sending message 112 to peer 0x7fb420048000 (12 bytes)
1734094834.532396 sending message 112 to peer 0x7fb420048000 (12 bytes)
1734094834.532401 sending message 112 to peer 0x7fb420048000 (12 bytes)
1734094834.532406 sending message 112 to peer 0x7fb420048000 (11 bytes)
1734094834.532411 sending message 112 to peer 0x7fb420048000 (11 bytes)
1734094834.532416 sending message 112 to peer 0x7fb420048000 (12 bytes)
1734094834.532420 sending message 112 to peer 0x7fb420048000 (12 bytes)
1734094834.532424 sending message 112 to peer 0x7fb420048000 (12 bytes)
1734094834.532429 sending message 112 to peer 0x7fb420048000 (12 bytes)
1734094834.532437 sending message 112 to peer 0x7fb420048000 (12 bytes)
1734094834.532443 sending message 112 to peer 0x7fb420048000 (9 bytes)
1734094834.532447 sending message 112 to peer 0x7fb420048000 (12 bytes)
1734094834.532452 sending message 112 to peer 0x7fb420048000 (13 bytes)
1734094834.532457 sending message 112 to peer 0x7fb420048000 (13 bytes)
1734094834.532461 sending message 112 to peer 0x7fb420048000 (13 bytes)
1734094834.532466 sending message 112 to peer 0x7fb420048000 (13 bytes)
1734094834.532470 sending message 112 to peer 0x7fb420048000 (13 bytes)
1734094834.532476 sending message 112 to peer 0x7fb420048000 (8 bytes)
1734094834.532481 sending message 112 to peer 0x7fb420048000 (11 bytes)
1734094834.532486 sending message 112 to peer 0x7fb420048000 (11 bytes)
1734094834.532491 sending message 112 to peer 0x7fb420048000 (11 bytes)
1734094834.532495 sending message 112 to peer 0x7fb420048000 (12 bytes)
1734094834.532500 sending message 112 to peer 0x7fb420048000 (12 bytes)
1734094834.532505 sending message 112 to peer 0x7fb420048000 (12 bytes)
1734094834.532510 sending message 112 to peer 0x7fb420048000 (12 bytes)
1734094834.532515 sending message 112 to peer 0x7fb420048000 (13 bytes)
1734094834.532520 sending message 112 to peer 0x7fb420048000 (13 bytes)
1734094834.532525 sending message 112 to peer 0x7fb420048000 (13 bytes)
1734094834.532530 sending message 112 to peer 0x7fb420048000 (8 bytes)
1734094834.532535 sending message 112 to peer 0x7fb420048000 (13 bytes)
1734094834.532540 sending message 112 to peer 0x7fb420048000 (13 bytes)
1734094834.532545 sending message 112 to peer 0x7fb420048000 (13 bytes)
1734094834.532551 sending message 112 to peer 0x7fb420048000 (13 bytes)
1734094834.532556 sending message 112 to peer 0x7fb420048000 (13 bytes)
1734094834.532561 sending message 112 to peer 0x7fb420048000 (12 bytes)
1734094834.532565 sending message 112 to peer 0x7fb420048000 (12 bytes)
1734094834.532570 sending message 112 to peer 0x7fb420048000 (12 bytes)
1734094834.532576 sending message 112 to peer 0x7fb420048000 (12 bytes)
1734094834.532581 sending message 112 to peer 0x7fb420048000 (13 bytes)
1734094834.532587 sending message 112 to peer 0x7fb420048000 (8 bytes)
1734094834.532591 sending message 112 to peer 0x7fb420048000 (13 bytes)
1734094834.532596 sending message 112 to peer 0x7fb420048000 (13 bytes)
1734094834.532600 sending message 112 to peer 0x7fb420048000 (13 bytes)
1734094834.532605 sending message 112 to peer 0x7fb420048000 (13 bytes)
1734094834.532610 sending message 112 to peer 0x7fb420048000 (13 bytes)
1734094834.532615 sending message 112 to peer 0x7fb420048000 (13 bytes)
1734094834.532620 sending message 112 to peer 0x7fb420048000 (13 bytes)
1734094834.532626 sending message 112 to peer 0x7fb420048000 (12 bytes)
1734094834.532639 sending message 112 to peer 0x7fb420048000 (12 bytes)
1734094834.532644 sending message 112 to peer 0x7fb420048000 (12 bytes)
1734094834.532650 sending message 112 to peer 0x7fb420048000 (8 bytes)
1734094834.532655 sending message 112 to peer 0x7fb420048000 (12 bytes)
1734094834.532659 sending message 112 to peer 0x7fb420048000 (13 bytes)
1734094834.532664 sending message 112 to peer 0x7fb420048000 (13 bytes)
1734094834.532669 sending message 112 to peer 0x7fb420048000 (13 bytes)
1734094834.532674 sending message 112 to peer 0x7fb420048000 (13 bytes)
1734094834.532679 sending message 112 to peer 0x7fb420048000 (13 bytes)
1734094834.532684 sending message 112 to peer 0x7fb420048000 (13 bytes)
1734094834.532689 sending message 112 to peer 0x7fb420048000 (13 bytes)
1734094834.532693 sending message 112 to peer 0x7fb420048000 (13 bytes)
1734094834.532698 sending message 112 to peer 0x7fb420048000 (12 bytes)
1734094834.532703 sending message 112 to peer 0x7fb420048000 (10 bytes)
1734094834.532708 sending message 112 to peer 0x7fb420048000 (12 bytes)
1734094834.532713 sending message 112 to peer 0x7fb420048000 (12 bytes)
1734094834.532719 sending message 112 to peer 0x7fb420048000 (12 bytes)
1734094834.532724 sending message 112 to peer 0x7fb420048000 (13 bytes)
1734094834.532728 sending message 112 to peer 0x7fb420048000 (13 bytes)
1734094834.532733 sending message 112 to peer 0x7fb420048000 (13 bytes)
1734094834.532738 sending message 112 to peer 0x7fb420048000 (13 bytes)
1734094834.532743 sending message 112 to peer 0x7fb420048000 (13 bytes)
1734094834.532747 sending message 112 to peer 0x7fb420048000 (13 bytes)
1734094834.532752 sending message 112 to peer 0x7fb420048000 (13 bytes)
1734094834.532757 sending message 112 to peer 0x7fb420048000 (10 bytes)
1734094834.532764 sending message 112 to peer 0x7fb420048000 (13 bytes)
1734094834.532770 sending message 112 to peer 0x7fb420048000 (12 bytes)
1734094834.532775 sending message 112 to peer 0x7fb420048000 (12 bytes)
1734094834.532780 sending message 112 to peer 0x7fb420048000 (12 bytes)
1734094834.532785 sending message 112 to peer 0x7fb420048000 (10 bytes)
1734094834.532790 sending message 112 to peer 0x7fb420048000 (10 bytes)
1734094834.532797 sending message 112 to peer 0x7fb420048000 (10 bytes)
1734094834.532803 sending message 112 to peer 0x7fb420048000 (12 bytes)
1734094834.532807 sending message 112 to peer 0x7fb420048000 (13 bytes)
1734094834.532811 sending message 112 to peer 0x7fb420048000 (13 bytes)
1734094834.532817 sending message 112 to peer 0x7fb420048000 (13 bytes)
1734094834.532822 sending message 112 to peer 0x7fb420048000 (13 bytes)
1734094834.532827 sending message 112 to peer 0x7fb420048000 (13 bytes)
1734094834.532832 sending message 112 to peer 0x7fb420048000 (10 bytes)
1734094834.532838 sending message 112 to peer 0x7fb420048000 (11 bytes)
1734094834.532843 sending message 112 to peer 0x7fb420048000 (12 bytes)
1734094834.532847 sending message 112 to peer 0x7fb420048000 (12 bytes)
1734094834.532852 sending message 112 to peer 0x7fb420048000 (12 bytes)
1734094834.532856 sending message 112 to peer 0x7fb420048000 (12 bytes)
1734094834.532860 sending message 112 to peer 0x7fb420048000 (12 bytes)
1734094834.532864 sending message 112 to peer 0x7fb420048000 (11 bytes)
1734094834.532869 sending message 112 to peer 0x7fb420048000 (12 bytes)
1734094834.532874 sending message 112 to peer 0x7fb420048000 (12 bytes)
1734094834.532879 sending message 112 to peer 0x7fb420048000 (13 bytes)
1734094834.532885 sending message 112 to peer 0x7fb420048000 (13 bytes)
1734094834.532890 sending message 112 to peer 0x7fb420048000 (13 bytes)
1734094834.532895 sending message 112 to peer 0x7fb420048000 (13 bytes)
1734094834.532900 sending message 112 to peer 0x7fb420048000 (13 bytes)
1734094834.532904 sending message 112 to peer 0x7fb420048000 (10 bytes)
1734094834.532909 sending message 112 to peer 0x7fb420048000 (9 bytes)
1734094834.532914 sending message 112 to peer 0x7fb420048000 (12 bytes)
1734094834.532919 sending message 112 to peer 0x7fb420048000 (13 bytes)
1734094834.532933 sending message 112 to peer 0x7fb420048000 (13 bytes)
1734094834.532939 sending message 112 to peer 0x7fb420048000 (13 bytes)
1734094834.532944 sending message 112 to peer 0x7fb420048000 (13 bytes)
1734094834.532948 sending message 112 to peer 0x7fb420048000 (13 bytes)
1734094834.532953 sending message 112 to peer 0x7fb420048000 (9 bytes)
1734094834.532958 sending message 112 to peer 0x7fb420048000 (12 bytes)
1734094834.532963 sending message 112 to peer 0x7fb420048000 (13 bytes)
1734094834.532968 sending message 112 to peer 0x7fb420048000 (13 bytes)
1734094834.532973 sending message 112 to peer 0x7fb420048000 (13 bytes)
1734094834.532979 sending message 112 to peer 0x7fb420048000 (13 bytes)
1734094834.532983 sending message 112 to peer 0x7fb420048000 (13 bytes)
1734094834.532988 sending message 112 to peer 0x7fb420048000 (11 bytes)
1734094834.532993 sending message 112 to peer 0x7fb420048000 (12 bytes)
1734094834.532998 sending message 112 to peer 0x7fb420048000 (13 bytes)
1734094834.533003 sending message 112 to peer 0x7fb420048000 (13 bytes)
1734094834.533007 sending message 112 to peer 0x7fb420048000 (13 bytes)
1734094834.533012 sending message 112 to peer 0x7fb420048000 (13 bytes)
1734094834.533017 sending message 112 to peer 0x7fb420048000 (13 bytes)
1734094834.533022 sending message 112 to peer 0x7fb420048000 (11 bytes)
1734094834.533027 sending message 112 to peer 0x7fb420048000 (12 bytes)
1734094834.533031 sending message 112 to peer 0x7fb420048000 (12 bytes)
1734094834.533036 sending message 112 to peer 0x7fb420048000 (12 bytes)
1734094834.533041 sending message 112 to peer 0x7fb420048000 (12 bytes)
1734094834.533046 sending message 112 to peer 0x7fb420048000 (12 bytes)
1734094834.533051 sending message 112 to peer 0x7fb420048000 (21 bytes)
1734094834.533056 sending message 112 to peer 0x7fb420048000 (12 bytes)
1734094834.533061 sending message 112 to peer 0x7fb420048000 (9 bytes)
1734094834.533066 sending message 112 to peer 0x7fb420048000 (6 bytes)
1734094834.533071 sending message 112 to peer 0x7fb420048000 (13 bytes)
1734094834.533076 sending message 112 to peer 0x7fb420048000 (10 bytes)
1734094834.533080 sending message 112 to peer 0x7fb420048000 (15 bytes)
1734094834.533085 sending message 112 to peer 0x7fb420048000 (13 bytes)
1734094834.533092 sending message 112 to peer 0x7fb420048000 (9 bytes)
1734094834.533098 sending message 112 to peer 0x7fb420048000 (70 bytes)
1734094834.533103 sending message 112 to peer 0x7fb420048000 (69 bytes)
1734094834.533107 sending message 112 to peer 0x7fb420048000 (73 bytes)
1734094834.533112 sending message 112 to peer 0x7fb420048000 (12 bytes)
1734094834.533117 sending message 112 to peer 0x7fb420048000 (10 bytes)
1734094834.533123 sending message 112 to peer 0x7fb420048000 (10 bytes)
1734094834.533128 sending message 112 to peer 0x7fb420048000 (15 bytes)
1734094834.533133 sending message 112 to peer 0x7fb420048000 (13 bytes)
1734094834.533137 sending message 112 to peer 0x7fb420048000 (10 bytes)
1734094834.533142 sending message 112 to peer 0x7fb420048000 (10 bytes)
1734094834.533147 sending message 112 to peer 0x7fb420048000 (17 bytes)
1734094834.533152 sending message 112 to peer 0x7fb420048000 (13 bytes)
1734094834.533157 sending message 112 to peer 0x7fb420048000 (15 bytes)
1734094834.533163 sending message 112 to peer 0x7fb420048000 (5 bytes)
1734094834.533170 sending message 104 to peer 0x7fb420048000 (0 bytes)
1734094834.533176 sending message 110 to peer 0x7fb420048000 (0 bytes)
1734094834.533181 sending message 107 to peer 0x7fb420048000 (4 bytes)
1734094834.533185 sending message 105 to peer 0x7fb420048000 (60 bytes)
1734094834.533197 sending message 105 to peer 0x7fb420048000 (66 bytes)
1734094834.533203 sending message 105 to peer 0x7fb420048000 (27 bytes)
1734094834.533207 sending message 105 to peer 0x7fb420048000 (15 bytes)
1734094834.533212 sending message 105 to peer 0x7fb420048000 (22 bytes)
1734094834.533217 sending message 105 to peer 0x7fb420048000 (14 bytes)
1734094834.533222 sending message 105 to peer 0x7fb420048000 (17 bytes)
1734094834.533234 sending message 105 to peer 0x7fb420048000 (31 bytes)
1734094834.533238 sending message 105 to peer 0x7fb420048000 (15 bytes)
1734094834.533242 sending message 105 to peer 0x7fb420048000 (43 bytes)
1734094834.533246 sending message 105 to peer 0x7fb420048000 (42 bytes)
1734094834.533250 sending message 105 to peer 0x7fb420048000 (28 bytes)
1734094834.533254 sending message 105 to peer 0x7fb420048000 (23 bytes)
1734094834.533269 sending message 105 to peer 0x7fb420048000 (431 bytes)
1734094834.533334 sending message 105 to peer 0x7fb420048000 (19 bytes)
1734094834.533362 sending message 105 to peer 0x7fb420048000 (20 bytes)
1734094834.533367 sending message 105 to peer 0x7fb420048000 (22 bytes)
1734094834.533371 sending message 105 to peer 0x7fb420048000 (20 bytes)
1734094834.533375 sending message 105 to peer 0x7fb420048000 (86 bytes)
1734094834.533380 sending message 105 to peer 0x7fb420048000 (19 bytes)
1734094834.533384 sending message 105 to peer 0x7fb420048000 (57 bytes)
1734094834.533389 sending message 105 to peer 0x7fb420048000 (12 bytes)
1734094834.533394 sending message 105 to peer 0x7fb420048000 (19 bytes)
1734094834.533398 sending message 105 to peer 0x7fb420048000 (15 bytes)
1734094834.533402 sending message 105 to peer 0x7fb420048000 (61 bytes)
1734094834.533407 sending message 105 to peer 0x7fb420048000 (32 bytes)
1734094834.533413 sending message 105 to peer 0x7fb420048000 (8 bytes)
1734094834.533418 sending message 105 to peer 0x7fb420048000 (21 bytes)
1734094834.533423 sending message 105 to peer 0x7fb420048000 (12 bytes)
1734094834.533427 sending message 105 to peer 0x7fb420048000 (22 bytes)
1734094834.533432 sending message 105 to peer 0x7fb420048000 (29 bytes)
1734094834.533437 sending message 105 to peer 0x7fb420048000 (27 bytes)
1734094834.533442 sending message 105 to peer 0x7fb420048000 (16 bytes)
1734094834.533447 sending message 105 to peer 0x7fb420048000 (54 bytes)
1734094834.533451 sending message 105 to peer 0x7fb420048000 (63 bytes)
1734094834.533456 sending message 105 to peer 0x7fb420048000 (11 bytes)
1734094834.533461 sending message 105 to peer 0x7fb420048000 (8 bytes)
1734094834.533466 sending message 105 to peer 0x7fb420048000 (32 bytes)
1734094834.533470 sending message 105 to peer 0x7fb420048000 (96 bytes)
1734094834.533476 sending message 105 to peer 0x7fb420048000 (10 bytes)
1734094834.533480 sending message 105 to peer 0x7fb420048000 (26 bytes)
1734094834.533485 sending message 105 to peer 0x7fb420048000 (22 bytes)
1734094834.533490 sending message 106 to peer 0x7fb420048000 (0 bytes)
1734094834.533554 sending message 200 to peer 0x7fb420048000 (4 bytes)
1734094834.533563 client loop enter
1734094834.533593 client_signal: Child exited: 20
1734094834.627360 peer 0x7fb420048000 message 207
1734094834.627408 sending message 208 to peer 0x7fb420048000 (0 bytes)
1734094878.573717 peer 0x7fb420048000 message 203
1734094878.573740 sending message 205 to peer 0x7fb420048000 (0 bytes)
1734094878.574054 peer 0x7fb420048000 message 204
1734094878.574064 client loop exit
