1734094841.943981 client started (13552): version 3.5a, socket /private/tmp/tmux-501/default, protocol 8
1734094841.944028 on Darwin 24.1.0 Darwin Kernel Version 24.1.0: Thu Oct 10 21:02:27 PDT 2024; root:xnu-11215.41.3~2/RELEASE_X86_64
1734094841.944048 using libevent 2.1.12-stable select
1734094841.944062 using utf8proc 2.9.0
1734094841.944071 using ncurses 6.5 20240427
1734094841.944104 flags are 0x10010000
1734094841.944113 socket is /private/tmp/tmux-501/default
1734094841.944126 trying connect
1734094841.944211 add peer 0x7fe940008000: 6 (0x0)
1734094841.946082 sending message 111 to peer 0x7fe940008000 (8 bytes)
1734094841.946103 sending message 111 to peer 0x7fe940008000 (8 bytes)
1734094841.946114 sending message 101 to peer 0x7fe940008000 (14 bytes)
1734094841.946123 sending message 109 to peer 0x7fe940008000 (4 bytes)
1734094841.946132 sending message 102 to peer 0x7fe940008000 (13 bytes)
1734094841.946140 sending message 108 to peer 0x7fe940008000 (27 bytes)
1734094841.946149 sending message 112 to peer 0x7fe940008000 (70 bytes)
1734094841.946158 sending message 112 to peer 0x7fe940008000 (5 bytes)
1734094841.946166 sending message 112 to peer 0x7fe940008000 (5 bytes)
1734094841.946175 sending message 112 to peer 0x7fe940008000 (6 bytes)
1734094841.946183 sending message 112 to peer 0x7fe940008000 (6 bytes)
1734094841.946191 sending message 112 to peer 0x7fe940008000 (11 bytes)
1734094841.946200 sending message 112 to peer 0x7fe940008000 (10 bytes)
1734094841.946208 sending message 112 to peer 0x7fe940008000 (13 bytes)
1734094841.946216 sending message 112 to peer 0x7fe940008000 (13 bytes)
1734094841.946225 sending message 112 to peer 0x7fe940008000 (18 bytes)
1734094841.946233 sending message 112 to peer 0x7fe940008000 (11 bytes)
1734094841.946241 sending message 112 to peer 0x7fe940008000 (10 bytes)
1734094841.946249 sending message 112 to peer 0x7fe940008000 (15 bytes)
1734094841.946258 sending message 112 to peer 0x7fe940008000 (21 bytes)
1734094841.946266 sending message 112 to peer 0x7fe940008000 (13 bytes)
1734094841.946274 sending message 112 to peer 0x7fe940008000 (7 bytes)
1734094841.946283 sending message 112 to peer 0x7fe940008000 (13 bytes)
1734094841.946291 sending message 112 to peer 0x7fe940008000 (7 bytes)
1734094841.946299 sending message 112 to peer 0x7fe940008000 (13 bytes)
1734094841.946308 sending message 112 to peer 0x7fe940008000 (9 bytes)
1734094841.946316 sending message 112 to peer 0x7fe940008000 (21 bytes)
1734094841.946324 sending message 112 to peer 0x7fe940008000 (13 bytes)
1734094841.946332 sending message 112 to peer 0x7fe940008000 (8 bytes)
1734094841.946340 sending message 112 to peer 0x7fe940008000 (12 bytes)
1734094841.946349 sending message 112 to peer 0x7fe940008000 (13 bytes)
1734094841.946357 sending message 112 to peer 0x7fe940008000 (9 bytes)
1734094841.946365 sending message 112 to peer 0x7fe940008000 (9 bytes)
1734094841.946374 sending message 112 to peer 0x7fe940008000 (12 bytes)
1734094841.946382 sending message 112 to peer 0x7fe940008000 (8 bytes)
1734094841.946390 sending message 112 to peer 0x7fe940008000 (7 bytes)
1734094841.946399 sending message 112 to peer 0x7fe940008000 (7 bytes)
1734094841.946407 sending message 112 to peer 0x7fe940008000 (9 bytes)
1734094841.946415 sending message 112 to peer 0x7fe940008000 (13 bytes)
1734094841.946424 sending message 112 to peer 0x7fe940008000 (6 bytes)
1734094841.946432 sending message 112 to peer 0x7fe940008000 (9 bytes)
1734094841.946440 sending message 112 to peer 0x7fe940008000 (13 bytes)
1734094841.946449 sending message 112 to peer 0x7fe940008000 (12 bytes)
1734094841.946497 sending message 112 to peer 0x7fe940008000 (8 bytes)
1734094841.946517 sending message 112 to peer 0x7fe940008000 (9 bytes)
1734094841.946527 sending message 112 to peer 0x7fe940008000 (10 bytes)
1734094841.946537 sending message 112 to peer 0x7fe940008000 (10 bytes)
1734094841.946547 sending message 112 to peer 0x7fe940008000 (10 bytes)
1734094841.946556 sending message 112 to peer 0x7fe940008000 (10 bytes)
1734094841.946565 sending message 112 to peer 0x7fe940008000 (11 bytes)
1734094841.946598 sending message 112 to peer 0x7fe940008000 (10 bytes)
1734094841.946605 sending message 112 to peer 0x7fe940008000 (8 bytes)
1734094841.946611 sending message 112 to peer 0x7fe940008000 (11 bytes)
1734094841.946618 sending message 112 to peer 0x7fe940008000 (11 bytes)
1734094841.946623 sending message 112 to peer 0x7fe940008000 (11 bytes)
1734094841.946629 sending message 112 to peer 0x7fe940008000 (8 bytes)
1734094841.946635 sending message 112 to peer 0x7fe940008000 (8 bytes)
1734094841.946641 sending message 112 to peer 0x7fe940008000 (8 bytes)
1734094841.946647 sending message 112 to peer 0x7fe940008000 (10 bytes)
1734094841.946653 sending message 112 to peer 0x7fe940008000 (10 bytes)
1734094841.946659 sending message 112 to peer 0x7fe940008000 (10 bytes)
1734094841.946665 sending message 112 to peer 0x7fe940008000 (10 bytes)
1734094841.946671 sending message 112 to peer 0x7fe940008000 (10 bytes)
1734094841.946677 sending message 112 to peer 0x7fe940008000 (11 bytes)
1734094841.946683 sending message 112 to peer 0x7fe940008000 (11 bytes)
1734094841.946689 sending message 112 to peer 0x7fe940008000 (10 bytes)
1734094841.946695 sending message 112 to peer 0x7fe940008000 (9 bytes)
1734094841.946701 sending message 112 to peer 0x7fe940008000 (9 bytes)
1734094841.946707 sending message 112 to peer 0x7fe940008000 (12 bytes)
1734094841.946713 sending message 112 to peer 0x7fe940008000 (9 bytes)
1734094841.946718 sending message 112 to peer 0x7fe940008000 (6 bytes)
1734094841.946725 sending message 112 to peer 0x7fe940008000 (8 bytes)
1734094841.946730 sending message 112 to peer 0x7fe940008000 (15 bytes)
1734094841.946736 sending message 112 to peer 0x7fe940008000 (13 bytes)
1734094841.946742 sending message 112 to peer 0x7fe940008000 (9 bytes)
1734094841.946748 sending message 112 to peer 0x7fe940008000 (70 bytes)
1734094841.946757 sending message 112 to peer 0x7fe940008000 (69 bytes)
1734094841.946764 sending message 112 to peer 0x7fe940008000 (10 bytes)
1734094841.946770 sending message 112 to peer 0x7fe940008000 (10 bytes)
1734094841.946776 sending message 112 to peer 0x7fe940008000 (8 bytes)
1734094841.946782 sending message 112 to peer 0x7fe940008000 (15 bytes)
1734094841.946788 sending message 112 to peer 0x7fe940008000 (13 bytes)
1734094841.946794 sending message 112 to peer 0x7fe940008000 (10 bytes)
1734094841.946800 sending message 112 to peer 0x7fe940008000 (10 bytes)
1734094841.946806 sending message 112 to peer 0x7fe940008000 (13 bytes)
1734094841.946812 sending message 112 to peer 0x7fe940008000 (9 bytes)
1734094841.946818 sending message 112 to peer 0x7fe940008000 (5 bytes)
1734094841.946824 sending message 112 to peer 0x7fe940008000 (5 bytes)
1734094841.946831 sending message 104 to peer 0x7fe940008000 (0 bytes)
1734094841.946841 sending message 110 to peer 0x7fe940008000 (0 bytes)
1734094841.946848 sending message 107 to peer 0x7fe940008000 (4 bytes)
1734094841.946854 sending message 105 to peer 0x7fe940008000 (15 bytes)
1734094841.946860 sending message 105 to peer 0x7fe940008000 (20 bytes)
1734094841.946868 sending message 105 to peer 0x7fe940008000 (22 bytes)
1734094841.946875 sending message 105 to peer 0x7fe940008000 (19 bytes)
1734094841.946881 sending message 105 to peer 0x7fe940008000 (22 bytes)
1734094841.946887 sending message 105 to peer 0x7fe940008000 (61 bytes)
1734094841.946895 sending message 105 to peer 0x7fe940008000 (17 bytes)
1734094841.946902 sending message 105 to peer 0x7fe940008000 (19 bytes)
1734094841.946908 sending message 105 to peer 0x7fe940008000 (27 bytes)
1734094841.946914 sending message 105 to peer 0x7fe940008000 (8 bytes)
1734094841.946920 sending message 105 to peer 0x7fe940008000 (15 bytes)
1734094841.946926 sending message 105 to peer 0x7fe940008000 (32 bytes)
1734094841.946932 sending message 105 to peer 0x7fe940008000 (96 bytes)
1734094841.946940 sending message 105 to peer 0x7fe940008000 (54 bytes)
1734094841.946947 sending message 105 to peer 0x7fe940008000 (16 bytes)
1734094841.946955 sending message 105 to peer 0x7fe940008000 (27 bytes)
1734094841.946974 sending message 105 to peer 0x7fe940008000 (63 bytes)
1734094841.946980 sending message 105 to peer 0x7fe940008000 (34 bytes)
1734094841.946986 sending message 105 to peer 0x7fe940008000 (12 bytes)
1734094841.946992 sending message 105 to peer 0x7fe940008000 (11 bytes)
1734094841.946998 sending message 105 to peer 0x7fe940008000 (505 bytes)
1734094841.947017 sending message 105 to peer 0x7fe940008000 (31 bytes)
1734094841.947025 sending message 105 to peer 0x7fe940008000 (15 bytes)
1734094841.947031 sending message 105 to peer 0x7fe940008000 (8 bytes)
1734094841.947037 sending message 105 to peer 0x7fe940008000 (66 bytes)
1734094841.947043 sending message 105 to peer 0x7fe940008000 (19 bytes)
1734094841.947049 sending message 105 to peer 0x7fe940008000 (86 bytes)
1734094841.947055 sending message 105 to peer 0x7fe940008000 (42 bytes)
1734094841.947061 sending message 105 to peer 0x7fe940008000 (18 bytes)
1734094841.947067 sending message 105 to peer 0x7fe940008000 (26 bytes)
1734094841.947073 sending message 105 to peer 0x7fe940008000 (60 bytes)
1734094841.947079 sending message 105 to peer 0x7fe940008000 (57 bytes)
1734094841.947085 sending message 105 to peer 0x7fe940008000 (43 bytes)
1734094841.947091 sending message 105 to peer 0x7fe940008000 (13 bytes)
1734094841.947097 sending message 105 to peer 0x7fe940008000 (12 bytes)
1734094841.947102 sending message 105 to peer 0x7fe940008000 (14 bytes)
1734094841.947108 sending message 105 to peer 0x7fe940008000 (19 bytes)
1734094841.947114 sending message 105 to peer 0x7fe940008000 (29 bytes)
1734094841.947120 sending message 105 to peer 0x7fe940008000 (26 bytes)
1734094841.947126 sending message 105 to peer 0x7fe940008000 (22 bytes)
1734094841.947132 sending message 105 to peer 0x7fe940008000 (43 bytes)
1734094841.947138 sending message 105 to peer 0x7fe940008000 (32 bytes)
1734094841.947144 sending message 105 to peer 0x7fe940008000 (10 bytes)
1734094841.947150 sending message 105 to peer 0x7fe940008000 (22 bytes)
1734094841.947156 sending message 106 to peer 0x7fe940008000 (0 bytes)
1734094841.947214 sending message 200 to peer 0x7fe940008000 (4 bytes)
1734094841.947223 client loop enter
1734094841.949510 peer 0x7fe940008000 message 303
1734094841.949535 open write file 2 -
1734094841.949567 sending message 305 to peer 0x7fe940008000 (8 bytes)
1734094841.949597 write check file 2
1734094841.949768 peer 0x7fe940008000 message 304
1734094841.949778 write 58 to file 2
1734094841.949803 peer 0x7fe940008000 message 203
1734094841.949813 file 2 58 bytes left
1734094841.949831 write check file 2
1734094841.949839 client loop exit
